This is pdfTeX, Version 3.1415926-1.40.10 (TeX Live 2009/Debian) (format=latex 2013.9.22)  2 OCT 2013 16:09
entering extended mode
 %&-line parsing enabled.
**proposal.tex
(./proposal.tex
LaTeX2e <2009/09/24>
Babel <v3.8l> and hyphenation patterns for english, usenglishmax, dumylang, noh
yphenation, farsi, arabic, croatian, bulgarian, ukrainian, russian, czech, slov
ak, danish, dutch, finnish, french, basque, ngerman, german, german-x-2009-06-1
9, ngerman-x-2009-06-19, ibycus, monogreek, greek, ancientgreek, hungarian, san
skrit, italian, latin, latvian, lithuanian, mongolian2a, mongolian, bokmal, nyn
orsk, romanian, irish, coptic, serbian, turkish, welsh, esperanto, uppersorbian
, estonian, indonesian, interlingua, icelandic, kurmanji, slovenian, polish, po
rtuguese, spanish, galician, catalan, swedish, ukenglish, pinyin, loaded.
(/usr/share/texmf-texlive/tex/latex/base/article.cls
Document Class: article 2007/10/19 v1.4h Standard LaTeX document class
(/usr/share/texmf-texlive/tex/latex/base/size12.clo
File: size12.clo 2007/10/19 v1.4h Standard LaTeX file (size option)
)
\c@part=\count79
\c@section=\count80
\c@subsection=\count81
\c@subsubsection=\count82
\c@paragraph=\count83
\c@subparagraph=\count84
\c@figure=\count85
\c@table=\count86
\abovecaptionskip=\skip41
\belowcaptionskip=\skip42
\bibindent=\dimen102
)
(/usr/share/texmf-texlive/tex/latex/geometry/geometry.sty
Package: geometry 2008/12/21 v4.2 Page Geometry

(/usr/share/texmf-texlive/tex/latex/graphics/keyval.sty
Package: keyval 1999/03/16 v1.13 key=value parser (DPC)
\KV@toks@=\toks14
)
(/usr/share/texmf-texlive/tex/generic/oberdiek/ifpdf.sty
Package: ifpdf 2009/04/10 v2.0 Provides the ifpdf switch (HO)
Package ifpdf Info: pdfTeX in pdf mode not detected.
)
(/usr/share/texmf-texlive/tex/generic/oberdiek/ifvtex.sty
Package: ifvtex 2008/11/04 v1.4 Switches for detecting VTeX and its modes (HO)
Package ifvtex Info: VTeX not detected.
)
\Gm@cnth=\count87
\Gm@cntv=\count88
\c@Gm@tempcnt=\count89
\Gm@bindingoffset=\dimen103
\Gm@wd@mp=\dimen104
\Gm@odd@mp=\dimen105
\Gm@even@mp=\dimen106
\Gm@dimlist=\toks15

(/usr/share/texmf-texlive/tex/xelatex/xetexconfig/geometry.cfg))
(/usr/share/texmf-texlive/tex/latex/float/float.sty
Package: float 2001/11/08 v1.3d Float enhancements (AL)
\c@float@type=\count90
\float@exts=\toks16
\float@box=\box26
\@float@everytoks=\toks17
\@floatcapt=\box27
)
\@float@every@table=\toks18

(/usr/share/texmf-texlive/tex/latex/graphics/graphicx.sty
Package: graphicx 1999/02/16 v1.0f Enhanced LaTeX Graphics (DPC,SPQR)

(/usr/share/texmf-texlive/tex/latex/graphics/graphics.sty
Package: graphics 2009/02/05 v1.0o Standard LaTeX Graphics (DPC,SPQR)

(/usr/share/texmf-texlive/tex/latex/graphics/trig.sty
Package: trig 1999/03/16 v1.09 sin cos tan (DPC)
)
(/etc/texmf/tex/latex/config/graphics.cfg
File: graphics.cfg 2009/08/28 v1.8 graphics configuration of TeX Live
)
Package graphics Info: Driver file: dvips.def on input line 91.

(/usr/share/texmf-texlive/tex/latex/graphics/dvips.def
File: dvips.def 1999/02/16 v3.0i Driver-dependant file (DPC,SPQR)
))
\Gin@req@height=\dimen107
\Gin@req@width=\dimen108
)
(/usr/share/texmf-texlive/tex/latex/ltxmisc/url.sty
\Urlmuskip=\muskip10
Package: url 2006/04/12  ver 3.3  Verb mode for urls, etc.
)
(/home/kenny/texmf/tex/latex/harmony/harmony.sty
Package: harmony 2007/05/04

(/usr/share/texmf-texlive/tex/latex/base/ifthen.sty
Package: ifthen 2001/05/26 v1.1c Standard LaTeX ifthen package (DPC)
)
(/usr/share/texmf-texlive/tex/latex/amsfonts/amssymb.sty
Package: amssymb 2009/06/22 v3.00

(/usr/share/texmf-texlive/tex/latex/amsfonts/amsfonts.sty
Package: amsfonts 2009/06/22 v3.00 Basic AMSFonts support
\@emptytoks=\toks19
\symAMSa=\mathgroup4
\symAMSb=\mathgroup5
LaTeX Font Info:    Overwriting math alphabet `\mathfrak' in version `bold'
(Font)                  U/euf/m/n --> U/euf/b/n on input line 96.
))
\tmpdima=\dimen109
\tmpdimb=\dimen110
\tmpdimc=\dimen111
\tmpdimd=\dimen112
\tmpdime=\dimen113
\nbxa=\box28
\nbxb=\box29
\nbxc=\box30
\nbxd=\box31
\nbxe=\box32
\nbxf=\box33
\nbxg=\box34
\nbxh=\box35
\nbxi=\box36
)
(/home/kenny/texmf/tex/latex/musixtex/tex/musixtex.sty
(/home/kenny/texmf/tex/latex/musixtex/tex/musixtex.tex
MusiXTeX(c) 1.15 <3 April 2011>
\n@i=\count91
\n@ii=\count92
\n@iii=\count93
\n@iv=\count94
\n@v=\count95
\n@vi=\count96
\n@vii=\count97
\n@viii=\count98
\toks@box=\box37
\w@rkbox=\box38
\n@otebox=\box39
\y@=\dimen114
\y@i=\dimen115
\y@ii=\dimen116
\y@iii=\dimen117
\y@iv=\dimen118
\y@v=\dimen119
\group@no=\count99
\interinstrument=\dimen120
\N@s=\count100
\s@Y=\dimen121
\lin@pos=\dimen122
\meet@minus@n@iv=\count101
\interbeam=\dimen123
\b@amthick=\dimen124
\Interligne=\dimen125
\Internote=\dimen126
\ch@box=\box40
\musicsize=\count102
\qd@skip=\dimen127
\qn@width=\dimen128
\wn@width=\dimen129
\txt@ff=\skip43
\s@indent=\skip44
\big@spc=\skip45
\lthick=\dimen130
\afterruleskip=\skip46
\staffbotmarg=\dimen131
\stafftopmarg=\dimen132
\line@width=\dimen133
\interportee=\dimen134
\noport@@=\count103
\noinstrum@nt=\count104
\altportee=\dimen135
\systemheight=\dimen136
\altplancher=\dimen137
\instrum@in@group=\skip47
\boxitsep=\skip48
\barsinpi@c@=\count105
\barno=\count106
\startbarno=\count107
\sign@skip=\dimen138
\maxsign@skip=\dimen139
\x@skip=\dimen140
\n@skip=\dimen141
\beforeruleskip=\skip49
\widthtyp@=\count108
\lastbarno=\count109
\cut@v=\skip50
\init@volta@pos=\skip51
\volta@startcor=\skip52
\volta@endcor=\skip53
\writ@volta@box=\box41
\barsinlin@=\count110
\maxbarsinlin@=\count111
\lastbarpos=\skip54
\ut@ref=\count112
\meterskip=\skip55
\t@c=\toks20
\clef@skip=\skip56
\noteskip=\dimen142
\transpose=\count113
\normaltranspose=\count114
\locx@skip=\dimen143
\elemskip=\dimen144
\@l@mskip=\dimen145
\inh@alt=\count115
\st@bot=\dimen146
\st@top=\dimen147
\stem@skip=\dimen148
\s@lope=\dimen149
\y@vi=\dimen150
\lift@rest=\dimen151
\accshift=\skip57
\@icresc=\skip58
\@itrillei=\skip59
\@itrilleii=\skip60
\@itrilleiii=\skip61
\@itrilleiv=\skip62
\@itrillev=\skip63
\@itrillevi=\skip64
\tr@number=\count116
\o@swz=\toks21
\o@number=\count117
\notes@open=\count118
\k@ii=\skip65
\i@ni=\dimen152
\b@xi=\dimen153
\b@zi=\dimen154
\c@xi=\dimen155
\c@zi=\skip66
\d@xi=\dimen156
\d@zi=\skip67
\e@xi=\dimen157
\e@zi=\skip68
\b@pi=\count119
\b@ni=\count120
\n@pi=\count121
\a@si=\count122
\o@si=\count123
\a@ci=\toks22
\o@ci=\toks23
\m@ti=\toks24
\k@iii=\skip69
\i@nii=\dimen158
\b@xii=\dimen159
\b@zii=\dimen160
\c@xii=\dimen161
\c@zii=\skip70
\d@xii=\dimen162
\d@zii=\skip71
\e@xii=\dimen163
\e@zii=\skip72
\b@pii=\count124
\b@nii=\count125
\n@pii=\count126
\a@sii=\count127
\o@sii=\count128
\a@cii=\toks25
\o@cii=\toks26
\m@tii=\toks27
\k@iiii=\skip73
\i@niii=\dimen164
\b@xiii=\dimen165
\b@ziii=\dimen166
\c@xiii=\dimen167
\c@ziii=\skip74
\d@xiii=\dimen168
\d@ziii=\skip75
\e@xiii=\dimen169
\e@ziii=\skip76
\b@piii=\count129
\b@niii=\count130
\n@piii=\count131
\a@siii=\count132
\o@siii=\count133
\a@ciii=\toks28
\o@ciii=\toks29
\m@tiii=\toks30
\k@iiv=\skip77
\i@niv=\dimen170
\b@xiv=\dimen171
\b@ziv=\dimen172
\c@xiv=\dimen173
\c@ziv=\skip78
\d@xiv=\dimen174
\d@ziv=\skip79
\e@xiv=\dimen175
\e@ziv=\skip80
\b@piv=\count134
\b@niv=\count135
\n@piv=\count136
\a@siv=\count137
\o@siv=\count138
\a@civ=\toks31
\o@civ=\toks32
\m@tiv=\toks33
\k@iv=\skip81
\i@nv=\dimen176
\b@xv=\dimen177
\b@zv=\dimen178
\c@xv=\dimen179
\c@zv=\skip82
\d@xv=\dimen180
\d@zv=\skip83
\e@xv=\dimen181
\e@zv=\skip84
\b@pv=\count139
\b@nv=\count140
\n@pv=\count141
\a@sv=\count142
\o@sv=\count143
\a@cv=\toks34
\o@cv=\toks35
\m@tv=\toks36
\k@ivi=\skip85
\i@nvi=\dimen182
\b@xvi=\dimen183
\b@zvi=\dimen184
\c@xvi=\dimen185
\c@zvi=\skip86
\d@xvi=\dimen186
\d@zvi=\skip87
\e@xvi=\dimen187
\e@zvi=\skip88
\b@pvi=\count144
\b@nvi=\count145
\n@pvi=\count146
\a@svi=\count147
\o@svi=\count148
\a@cvi=\toks37
\o@cvi=\toks38
\m@tvi=\toks39
maxinstruments=6
\f@xi=\dimen188
\f@zi=\skip89
\f@xii=\dimen189
\f@zii=\skip90
\f@xiii=\dimen190
\f@ziii=\skip91
\f@xiv=\dimen191
\f@ziv=\skip92
\f@xv=\dimen192
\f@zv=\skip93
\f@xvi=\dimen193
\f@zvi=\skip94
 max128beams=6
\g@bi=\skip95
\g@hi=\skip96
\g@bii=\skip97
\g@hii=\skip98
\g@biii=\skip99
\g@hiii=\skip100
 maxgroups=3
\s@xi=\dimen194
\s@si=\toks40
\s@Yi=\dimen195
\s@ai=\skip101
\s@yi=\count149
\s@Ni=\count150
\s@zi=\count151
\s@di=\toks41
\s@xii=\dimen196
\s@sii=\toks42
\s@Yii=\dimen197
\s@aii=\skip102
\s@yii=\count152
\s@Nii=\count153
\s@zii=\count154
\s@dii=\toks43
\s@xiii=\dimen198
\s@siii=\toks44
\s@Yiii=\dimen199
\s@aiii=\skip103
\s@yiii=\count155
\s@Niii=\count156
\s@ziii=\count157
\s@diii=\toks45
\s@xiv=\dimen200
\s@siv=\toks46
\s@Yiv=\dimen201
\s@aiv=\skip104
\s@yiv=\count158
\s@Niv=\count159
\s@ziv=\count160
\s@div=\toks47
\s@xv=\dimen202
\s@sv=\toks48
\s@Yv=\dimen203
\s@av=\skip105
\s@yv=\count161
\s@Nv=\count162
\s@zv=\count163
\s@dv=\toks49
\s@xvi=\dimen204
\s@svi=\toks50
\s@Yvi=\dimen205
\s@avi=\skip106
\s@yvi=\count164
\s@Nvi=\count165
\s@zvi=\count166
\s@dvi=\toks51
 maxslurs=6
\tr@xi=\skip107
\tr@swi=\toks52
\tr@yi=\skip108
\tr@xii=\skip109
\tr@swii=\toks53
\tr@yii=\skip110
\tr@xiii=\skip111
\tr@swiii=\toks54
\tr@yiii=\skip112
\tr@xiv=\skip113
\tr@swiv=\toks55
\tr@yiv=\skip114
\tr@xv=\skip115
\tr@swv=\toks56
\tr@yv=\skip116
\tr@xvi=\skip117
\tr@swvi=\toks57
\tr@yvi=\skip118
 maxtrills=6
\o@xi=\skip119
\o@yi=\skip120
\o@swi=\toks58
\o@xii=\skip121
\o@yii=\skip122
\o@swii=\toks59
\o@xiii=\skip123
\o@yiii=\skip124
\o@swiii=\toks60
\o@xiv=\skip125
\o@yiv=\skip126
\o@swiv=\toks61
\o@xv=\skip127
\o@yv=\skip128
\o@swv=\toks62
\o@xvi=\skip129
\o@yvi=\skip130
\o@swvi=\toks63

maxoctlines=6
\outmux=\write3
\mulooseness=\count167
\linegoal=\count168
\l@eftrightbox=\box42
\inmux=\read1
) (/home/kenny/texmf/tex/latex/musixtex/tex/musixltx.tex
MusiXLaTeX T.61 <25 September 1996>
)) (/usr/share/texmf-texlive/tex/latex/subfigure/subfigure.sty
Package: subfigure 2002/03/15 v2.1.5 subfigure package
\subfigtopskip=\skip131
\subfigcapskip=\skip132
\subfigcaptopadj=\dimen206
\subfigbottomskip=\skip133
\subfigcapmargin=\dimen207
\subfiglabelskip=\skip134
\c@subfigure=\count169
\c@lofdepth=\count170
\c@subtable=\count171
\c@lotdepth=\count172

****************************************
* Local config file subfigure.cfg used *
****************************************
(/usr/share/texmf-texlive/tex/latex/subfigure/subfigure.cfg)
\subfig@top=\skip135
\subfig@bottom=\skip136
)
(/usr/share/texmf-texlive/tex/latex/caption/caption.sty
Package: caption 2009/10/09 v3.1k Customizing captions (AR)

(/usr/share/texmf-texlive/tex/latex/caption/caption3.sty
Package: caption3 2009/10/09 v3.1k caption3 kernel (AR)
\captionmargin=\dimen208
\captionmargin@=\dimen209
\captionwidth=\dimen210
\caption@indent=\dimen211
\caption@parindent=\dimen212
\caption@hangindent=\dimen213
)
\c@ContinuedFloat=\count173
Package caption Info: float package is loaded.
Package caption Info: subfigure package is loaded.
) (./proposal.aux)
\openout1 = `proposal.aux'.

LaTeX Font Info:    Checking defaults for OML/cmm/m/it on input line 44.
LaTeX Font Info:    ... okay on input line 44.
LaTeX Font Info:    Checking defaults for T1/cmr/m/n on input line 44.
LaTeX Font Info:    ... okay on input line 44.
LaTeX Font Info:    Checking defaults for OT1/cmr/m/n on input line 44.
LaTeX Font Info:    ... okay on input line 44.
LaTeX Font Info:    Checking defaults for OMS/cmsy/m/n on input line 44.
LaTeX Font Info:    ... okay on input line 44.
LaTeX Font Info:    Checking defaults for OMX/cmex/m/n on input line 44.
LaTeX Font Info:    ... okay on input line 44.
LaTeX Font Info:    Checking defaults for U/cmr/m/n on input line 44.
LaTeX Font Info:    ... okay on input line 44.

*geometry detected driver: dvips*
-------------------- Geometry parameters
paper: class default
landscape: --
twocolumn: --
twoside: --
asymmetric: --
h-parts: 72.26999pt, 469.75502pt, 72.26999pt
v-parts: 72.26999pt, 650.43001pt, 72.26999pt
hmarginratio: --
vmarginratio: --
lines: --
heightrounded: --
bindingoffset: 0.0pt
truedimen: --
includehead: --
includefoot: --
includemp: --
driver: dvips
-------------------- Page layout dimensions and switches
\paperwidth  614.295pt
\paperheight 794.96999pt
\textwidth  469.75502pt
\textheight 650.43001pt
\oddsidemargin  0.0pt
\evensidemargin 0.0pt
\topmargin  -37.0pt
\headheight 12.0pt
\headsep    25.0pt
\footskip   30.0pt
\marginparwidth 44.0pt
\marginparsep   10.0pt
\columnsep  10.0pt
\skip\footins  10.8pt plus 4.0pt minus 2.0pt
\hoffset 0.0pt
\voffset 0.0pt
\mag 1000

(1in=72.27pt, 1cm=28.45pt)
-----------------------
Package caption Info: Begin \AtBeginDocument code.
Package caption Info: End \AtBeginDocument code.
\openout3 = `proposal.mx1'.

LaTeX Font Info:    Try loading font information for U+msa on input line 45.
(/usr/share/texmf-texlive/tex/latex/amsfonts/umsa.fd
File: umsa.fd 2009/06/22 v3.00 AMS symbols A
)
LaTeX Font Info:    Try loading font information for U+msb on input line 45.

(/usr/share/texmf-texlive/tex/latex/amsfonts/umsb.fd
File: umsb.fd 2009/06/22 v3.00 AMS symbols B
)
LaTeX Font Info:    Try loading font information for OMS+cmr on input line 45.

(/usr/share/texmf-texlive/tex/latex/base/omscmr.fd
File: omscmr.fd 1999/05/25 v2.5h Standard LaTeX font definitions
)
LaTeX Font Info:    Font shape `OMS/cmr/m/n' in size <10.95> not available
(Font)              Font shape `OMS/cmsy/m/n' tried instead on input line 45.
 (./data/summary.tex)
(./data/introduction.tex
File: figures/serialismPianoImage.eps Graphic file (type eps)
 <figures/serialismPianoImage.eps>
File: figures/12_tone.eps Graphic file (type eps)

<figures/12_tone.eps> [1

]) (./data/motivation.tex [2]) (./data/pipeline.tex
File: figures/pipeline.eps Graphic file (type eps)

<figures/pipeline.eps>) (./data/syntax.tex
LaTeX Font Info:    Font shape `OMS/cmr/m/n' in size <12> not available
(Font)              Font shape `OMS/cmsy/m/n' tried instead on input line 11.
 [3]
LaTeX Font Info:    Try loading font information for OML+cmr on input line 31.

(/usr/share/texmf-texlive/tex/latex/base/omlcmr.fd
File: omlcmr.fd 1999/05/25 v2.5h Standard LaTeX font definitions
)
LaTeX Font Info:    Font shape `OML/cmr/m/n' in size <12> not available
(Font)              Font shape `OML/cmm/m/it' tried instead on input line 31.
 [4] [5] [6]
Overfull \hbox (45.17062pt too wide) in paragraph at lines 193--204
 [][] 

\hbox(49.49994+43.49994)x469.75502 []

[7] [8]) (./data/examples.tex
File: figures/example1.eps Graphic file (type eps)
 <figures/example1.eps>) [9] [10] (./proposal.bbl) [11

] (./proposal.aux) ) 
Here is how much of TeX's memory you used:
 4410 strings out of 493849
 51487 string characters out of 1152846
 128206 words of memory out of 3000000
 7568 multiletter control sequences out of 15000+50000
 35174 words of font info for 129 fonts, out of 3000000 for 9000
 714 hyphenation exceptions out of 8191
 36i,9n,38p,1456b,324s stack positions out of 5000i,500n,10000p,200000b,50000s

Output written on proposal.dvi (11 pages, 25148 bytes).
