
Timing Resolution set to 4 PPQ

Instrument set to 48 on channel 0
Instrument set to 48 on channel 1

Track 0:
 tick 0, channel 1: program change 48
 tick 0, channel 1: note G#2 on velocity: 90
 tick 2, channel 1: note G#2 on velocity: 0
 tick 4, channel 1: note A3 on velocity: 90
 tick 6, channel 1: note A3 on velocity: 0
 tick 8, channel 1: note F4 on velocity: 90
 tick 12, channel 1: note F4 on velocity: 0
 tick 14, channel 1: note G5 on velocity: 90
 tick 15, channel 1: note G5 on velocity: 0
 tick 17, channel 1: note E4 on velocity: 90
 tick 18, channel 1: note E4 on velocity: 0
 tick 20, channel 1: note F#3 on velocity: 90
 tick 20, channel 1: note C2 on velocity: 90
 tick 20, channel 1: note C#3 on velocity: 90
 tick 22, channel 1: note F#3 on velocity: 0
 tick 22, channel 1: note C2 on velocity: 0
 tick 22, channel 1: note C#3 on velocity: 0
 tick 24, channel 1: note D4 on velocity: 90
 tick 26, channel 1: note D4 on velocity: 0
 tick 28, channel 1: note G#5 on velocity: 90
 tick 30, channel 1: note G#5 on velocity: 0
 tick 32, channel 1: note G4 on velocity: 90
 tick 34, channel 1: note G4 on velocity: 0
 tick 36, channel 1: note D#3 on velocity: 90
 tick 37, channel 1: note D#3 on velocity: 0
 tick 39, channel 1: note E3 on velocity: 90
 tick 40, channel 1: note E3 on velocity: 0
 tick 42, channel 1: note C4 on velocity: 90
 tick 46, channel 1: note C4 on velocity: 0
 tick 48, channel 1: note D5 on velocity: 90
 tick 49, channel 1: note D5 on velocity: 0
 tick 51, channel 1: note B4 on velocity: 90
 tick 52, channel 1: note B4 on velocity: 0
 tick 54, channel 1: note F3 on velocity: 90
 tick 54, channel 1: note B2 on velocity: 90
 tick 56, channel 1: note F3 on velocity: 0
 tick 56, channel 1: note B2 on velocity: 0
 tick 58, channel 1: note A#3 on velocity: 90
 tick 60, channel 1: note A#3 on velocity: 0
 tick 62, channel 1: note A4 on velocity: 90
 tick 64, channel 1: note A4 on velocity: 0
 tick 66, channel 1: note C#5 on velocity: 90
 tick 68, channel 1: note C#5 on velocity: 0
 tick 70, channel 1: note C4 on velocity: 90
 tick 72, channel 1: note C4 on velocity: 0
 tick 74, channel 1: note G#3 on velocity: 90
 tick 76, channel 1: note G#3 on velocity: 0
 tick 78, channel 1: note G#2 on velocity: 90
 tick 80, channel 1: note G#2 on velocity: 0
 tick 82, channel 1: note A3 on velocity: 90
 tick 84, channel 1: note A3 on velocity: 0
 tick 86, channel 1: note F4 on velocity: 90
 tick 90, channel 1: note F4 on velocity: 0
 tick 92, channel 1: note G5 on velocity: 90
 tick 93, channel 1: note G5 on velocity: 0
 tick 95, channel 1: note E4 on velocity: 90
 tick 96, channel 1: note E4 on velocity: 0
 tick 98, channel 1: note F#3 on velocity: 90
 tick 98, channel 1: note C2 on velocity: 90
 tick 98, channel 1: note C#3 on velocity: 90
 tick 100, channel 1: note F#3 on velocity: 0
 tick 100, channel 1: note C2 on velocity: 0
 tick 100, channel 1: note C#3 on velocity: 0
 tick 102, channel 1: note D4 on velocity: 90
 tick 104, channel 1: note D4 on velocity: 0
 tick 106, channel 1: note G#5 on velocity: 90
 tick 108, channel 1: note G#5 on velocity: 0
 tick 110, channel 1: note G4 on velocity: 90
 tick 112, channel 1: note G4 on velocity: 0
 tick 114, channel 1: note D#3 on velocity: 90
 tick 115, channel 1: note D#3 on velocity: 0
 tick 117, channel 1: note E3 on velocity: 90
 tick 118, channel 1: note E3 on velocity: 0
 tick 120, channel 1: note C4 on velocity: 90
 tick 124, channel 1: note C4 on velocity: 0
 tick 126, channel 1: note D5 on velocity: 90
 tick 127, channel 1: note D5 on velocity: 0
 tick 129, channel 1: note B4 on velocity: 90
 tick 130, channel 1: note B4 on velocity: 0
 tick 132, channel 1: note F3 on velocity: 90
 tick 132, channel 1: note B2 on velocity: 90
 tick 134, channel 1: note F3 on velocity: 0
 tick 134, channel 1: note B2 on velocity: 0
 tick 136, channel 1: note A#3 on velocity: 90
 tick 138, channel 1: note A#3 on velocity: 0
 tick 140, channel 1: note A4 on velocity: 90
 tick 142, channel 1: note A4 on velocity: 0
 tick 144, channel 1: note C#5 on velocity: 90
 tick 146, channel 1: note C#5 on velocity: 0
 tick 148, channel 1: note C4 on velocity: 90
 tick 150, channel 1: note C4 on velocity: 0
 tick 152, channel 1: note G#3 on velocity: 90
 tick 154, channel 1: note G#3 on velocity: 0
 tick 154, end of track
Track 1:
 tick 0, channel 2: program change 48
 tick 2, channel 2: note A#3 on velocity: 90
 tick 4, channel 2: note A#3 on velocity: 0
 tick 6, channel 2: note A4 on velocity: 90
 tick 8, channel 2: note A4 on velocity: 0
 tick 10, channel 2: note C#5 on velocity: 90
 tick 14, channel 2: note C#5 on velocity: 0
 tick 16, channel 2: note B4 on velocity: 90
 tick 17, channel 2: note B4 on velocity: 0
 tick 19, channel 2: note D3 on velocity: 90
 tick 20, channel 2: note D3 on velocity: 0
 tick 22, channel 2: note C2 on velocity: 90
 tick 22, channel 2: note F#3 on velocity: 90
 tick 22, channel 2: note F4 on velocity: 90
 tick 24, channel 2: note C2 on velocity: 0
 tick 24, channel 2: note F#3 on velocity: 0
 tick 24, channel 2: note F4 on velocity: 0
 tick 26, channel 2: note E5 on velocity: 90
 tick 28, channel 2: note E5 on velocity: 0
 tick 30, channel 2: note A#4 on velocity: 90
 tick 32, channel 2: note A#4 on velocity: 0
 tick 34, channel 2: note B3 on velocity: 90
 tick 36, channel 2: note B3 on velocity: 0
 tick 38, channel 2: note D#2 on velocity: 90
 tick 39, channel 2: note D#2 on velocity: 0
 tick 41, channel 2: note D4 on velocity: 90
 tick 42, channel 2: note D4 on velocity: 0
 tick 44, channel 2: note F#5 on velocity: 90
 tick 48, channel 2: note F#5 on velocity: 0
 tick 50, channel 2: note E4 on velocity: 90
 tick 51, channel 2: note E4 on velocity: 0
 tick 53, channel 2: note G3 on velocity: 90
 tick 54, channel 2: note G3 on velocity: 0
 tick 56, channel 2: note C#2 on velocity: 90
 tick 56, channel 2: note G3 on velocity: 90
 tick 58, channel 2: note C#2 on velocity: 0
 tick 58, channel 2: note G3 on velocity: 0
 tick 60, channel 2: note G#4 on velocity: 90
 tick 62, channel 2: note G#4 on velocity: 0
 tick 64, channel 2: note A5 on velocity: 90
 tick 66, channel 2: note A5 on velocity: 0
 tick 68, channel 2: note F4 on velocity: 90
 tick 70, channel 2: note F4 on velocity: 0
 tick 72, channel 2: note F#3 on velocity: 90
 tick 74, channel 2: note F#3 on velocity: 0
 tick 76, channel 2: note A#2 on velocity: 90
 tick 78, channel 2: note A#2 on velocity: 0
 tick 80, channel 2: note A#3 on velocity: 90
 tick 82, channel 2: note A#3 on velocity: 0
 tick 84, channel 2: note A4 on velocity: 90
 tick 86, channel 2: note A4 on velocity: 0
 tick 88, channel 2: note C#5 on velocity: 90
 tick 92, channel 2: note C#5 on velocity: 0
 tick 94, channel 2: note B4 on velocity: 90
 tick 95, channel 2: note B4 on velocity: 0
 tick 97, channel 2: note D3 on velocity: 90
 tick 98, channel 2: note D3 on velocity: 0
 tick 100, channel 2: note C2 on velocity: 90
 tick 100, channel 2: note F#3 on velocity: 90
 tick 100, channel 2: note F4 on velocity: 90
 tick 102, channel 2: note C2 on velocity: 0
 tick 102, channel 2: note F#3 on velocity: 0
 tick 102, channel 2: note F4 on velocity: 0
 tick 104, channel 2: note E5 on velocity: 90
 tick 106, channel 2: note E5 on velocity: 0
 tick 108, channel 2: note A#4 on velocity: 90
 tick 110, channel 2: note A#4 on velocity: 0
 tick 112, channel 2: note B3 on velocity: 90
 tick 114, channel 2: note B3 on velocity: 0
 tick 116, channel 2: note D#2 on velocity: 90
 tick 117, channel 2: note D#2 on velocity: 0
 tick 119, channel 2: note D4 on velocity: 90
 tick 120, channel 2: note D4 on velocity: 0
 tick 122, channel 2: note F#5 on velocity: 90
 tick 126, channel 2: note F#5 on velocity: 0
 tick 128, channel 2: note E4 on velocity: 90
 tick 129, channel 2: note E4 on velocity: 0
 tick 131, channel 2: note G3 on velocity: 90
 tick 132, channel 2: note G3 on velocity: 0
 tick 134, channel 2: note C#2 on velocity: 90
 tick 134, channel 2: note G3 on velocity: 90
 tick 136, channel 2: note C#2 on velocity: 0
 tick 136, channel 2: note G3 on velocity: 0
 tick 138, channel 2: note G#4 on velocity: 90
 tick 140, channel 2: note G#4 on velocity: 0
 tick 142, channel 2: note A5 on velocity: 90
 tick 144, channel 2: note A5 on velocity: 0
 tick 146, channel 2: note F4 on velocity: 90
 tick 148, channel 2: note F4 on velocity: 0
 tick 150, channel 2: note F#3 on velocity: 90
 tick 152, channel 2: note F#3 on velocity: 0
 tick 154, channel 2: note A#2 on velocity: 90
 tick 156, channel 2: note A#2 on velocity: 0
 tick 156, end of track
PASSED SEMANTIC CHECKS
java -jar ./Lib/CSV2MIDI.jar a.csv a.midi
===== Program Successfully Finished =====
===== Result Writen to a.midi =====
